{"uuid":"1bb5dab0-9579-4761-9984-567678cd0c91","historyId":"51f37cdf97a62bf2f0355570c32f0711","testCaseId":"5531e7089773ec26382e6a961a5145d7","fullName":"src/test/resources/features/AddToCart.feature:3","labels":[{"name":"host","value":"DESKTOP-IOJ7FM2"},{"name":"thread","value":"2460@DESKTOP-IOJ7FM2.main(1)"},{"name":"feature","value":"Add items to Vodafone eShop cart"},{"name":"story","value":"Add 3 products to the cart"},{"name":"suite","value":"Add items to Vodafone eShop cart"},{"name":"testClass","value":"Add 3 products to the cart"},{"name":"framework","value":"cucumber4jvm"},{"name":"language","value":"java"},{"name":"gherkin_uri","value":"file:///D:/VodafoneShopAutomation/src/test/resources/features/AddToCart.feature"},{"name":"package","value":"src.test.resources.features.AddToCart_feature.Add items to Vodafone eShop cart"}],"links":[],"name":"Add 3 products to the cart","status":"broken","statusDetails":{"known":false,"muted":false,"flaky":false,"message":"element click intercepted: Element <div _ngcontent-ng-c3991971717=\"\" id=\"userProfileMenu\" class=\"user-profile\">...</div> is not clickable at point (1424, 34). Other element would receive the click: <div class=\"onetrust-pc-dark-filter ot-fade-in\" style=\"z-index:2147483645;\"></div>\n  (Session info: chrome=141.0.7390.123)\nBuild info: version: '4.25.0', revision: '8a8aea2337'\nSystem info: os.name: 'Windows 11', os.arch: 'amd64', os.version: '10.0', java.version: '21.0.8'\nDriver info: org.openqa.selenium.chrome.ChromeDriver\nCommand: [2a3e27e4f3e238337b9b45c4f1f02a05, clickElement {id=f.DACA27A01E3017130CD4D9CE73C5CDBE.d.0EB92A0A94409514A21D55A1614FF35C.e.14}]\nCapabilities {acceptInsecureCerts: false, browserName: chrome, browserVersion: 141.0.7390.123, chrome: {chromedriverVersion: 141.0.7390.122 (b477534e7e1..., userDataDir: C:\\Users\\esraa\\AppData\\Loca...}, fedcm:accounts: true, goog:chromeOptions: {debuggerAddress: localhost:50608}, networkConnectionEnabled: false, pageLoadStrategy: normal, platformName: windows, proxy: Proxy(), se:cdp: ws://localhost:50608/devtoo..., se:cdpVersion: 141.0.7390.123, setWindowRect: true, strictFileInteractability: false, timeouts: {implicit: 0, pageLoad: 300000, script: 30000}, unhandledPromptBehavior: dismiss and notify, webauthn:extension:credBlob: true, webauthn:extension:largeBlob: true, webauthn:extension:minPinLength: true, webauthn:extension:prf: true, webauthn:virtualAuthenticators: true}\nElement: [[ChromeDriver: chrome on windows (2a3e27e4f3e238337b9b45c4f1f02a05)] -> id: userProfileMenu]\nSession ID: 2a3e27e4f3e238337b9b45c4f1f02a05","trace":"org.openqa.selenium.ElementClickInterceptedException: element click intercepted: Element <div _ngcontent-ng-c3991971717=\"\" id=\"userProfileMenu\" class=\"user-profile\">...</div> is not clickable at point (1424, 34). Other element would receive the click: <div class=\"onetrust-pc-dark-filter ot-fade-in\" style=\"z-index:2147483645;\"></div>\n  (Session info: chrome=141.0.7390.123)\nBuild info: version: '4.25.0', revision: '8a8aea2337'\nSystem info: os.name: 'Windows 11', os.arch: 'amd64', os.version: '10.0', java.version: '21.0.8'\nDriver info: org.openqa.selenium.chrome.ChromeDriver\nCommand: [2a3e27e4f3e238337b9b45c4f1f02a05, clickElement {id=f.DACA27A01E3017130CD4D9CE73C5CDBE.d.0EB92A0A94409514A21D55A1614FF35C.e.14}]\nCapabilities {acceptInsecureCerts: false, browserName: chrome, browserVersion: 141.0.7390.123, chrome: {chromedriverVersion: 141.0.7390.122 (b477534e7e1..., userDataDir: C:\\Users\\esraa\\AppData\\Loca...}, fedcm:accounts: true, goog:chromeOptions: {debuggerAddress: localhost:50608}, networkConnectionEnabled: false, pageLoadStrategy: normal, platformName: windows, proxy: Proxy(), se:cdp: ws://localhost:50608/devtoo..., se:cdpVersion: 141.0.7390.123, setWindowRect: true, strictFileInteractability: false, timeouts: {implicit: 0, pageLoad: 300000, script: 30000}, unhandledPromptBehavior: dismiss and notify, webauthn:extension:credBlob: true, webauthn:extension:largeBlob: true, webauthn:extension:minPinLength: true, webauthn:extension:prf: true, webauthn:virtualAuthenticators: true}\nElement: [[ChromeDriver: chrome on windows (2a3e27e4f3e238337b9b45c4f1f02a05)] -> id: userProfileMenu]\nSession ID: 2a3e27e4f3e238337b9b45c4f1f02a05\r\n\tat java.base/jdk.internal.reflect.DirectConstructorHandleAccessor.newInstance(DirectConstructorHandleAccessor.java:62)\r\n\tat java.base/java.lang.reflect.Constructor.newInstanceWithCaller(Constructor.java:502)\r\n\tat java.base/java.lang.reflect.Constructor.newInstance(Constructor.java:486)\r\n\tat org.openqa.selenium.remote.ErrorCodec.decode(ErrorCodec.java:167)\r\n\tat org.openqa.selenium.remote.codec.w3c.W3CHttpResponseCodec.decode(W3CHttpResponseCodec.java:138)\r\n\tat org.openqa.selenium.remote.codec.w3c.W3CHttpResponseCodec.decode(W3CHttpResponseCodec.java:50)\r\n\tat org.openqa.selenium.remote.HttpCommandExecutor.execute(HttpCommandExecutor.java:190)\r\n\tat org.openqa.selenium.remote.service.DriverCommandExecutor.invokeExecute(DriverCommandExecutor.java:216)\r\n\tat org.openqa.selenium.remote.service.DriverCommandExecutor.execute(DriverCommandExecutor.java:174)\r\n\tat org.openqa.selenium.remote.RemoteWebDriver.execute(RemoteWebDriver.java:545)\r\n\tat org.openqa.selenium.remote.RemoteWebElement.execute(RemoteWebElement.java:223)\r\n\tat org.openqa.selenium.remote.RemoteWebElement.click(RemoteWebElement.java:76)\r\n\tat StepsDefinitions.ShopSteps.user_logged_to_store(ShopSteps.java:89)\r\n\tat ✽.User logged to the website(file:///D:/VodafoneShopAutomation/src/test/resources/features/AddToCart.feature:4)\r\n"},"stage":"finished","steps":[{"name":"Given User logged to the website","status":"broken","statusDetails":{"known":false,"muted":false,"flaky":false,"message":"element click intercepted: Element <div _ngcontent-ng-c3991971717=\"\" id=\"userProfileMenu\" class=\"user-profile\">...</div> is not clickable at point (1424, 34). Other element would receive the click: <div class=\"onetrust-pc-dark-filter ot-fade-in\" style=\"z-index:2147483645;\"></div>\n  (Session info: chrome=141.0.7390.123)\nBuild info: version: '4.25.0', revision: '8a8aea2337'\nSystem info: os.name: 'Windows 11', os.arch: 'amd64', os.version: '10.0', java.version: '21.0.8'\nDriver info: org.openqa.selenium.chrome.ChromeDriver\nCommand: [2a3e27e4f3e238337b9b45c4f1f02a05, clickElement {id=f.DACA27A01E3017130CD4D9CE73C5CDBE.d.0EB92A0A94409514A21D55A1614FF35C.e.14}]\nCapabilities {acceptInsecureCerts: false, browserName: chrome, browserVersion: 141.0.7390.123, chrome: {chromedriverVersion: 141.0.7390.122 (b477534e7e1..., userDataDir: C:\\Users\\esraa\\AppData\\Loca...}, fedcm:accounts: true, goog:chromeOptions: {debuggerAddress: localhost:50608}, networkConnectionEnabled: false, pageLoadStrategy: normal, platformName: windows, proxy: Proxy(), se:cdp: ws://localhost:50608/devtoo..., se:cdpVersion: 141.0.7390.123, setWindowRect: true, strictFileInteractability: false, timeouts: {implicit: 0, pageLoad: 300000, script: 30000}, unhandledPromptBehavior: dismiss and notify, webauthn:extension:credBlob: true, webauthn:extension:largeBlob: true, webauthn:extension:minPinLength: true, webauthn:extension:prf: true, webauthn:virtualAuthenticators: true}\nElement: [[ChromeDriver: chrome on windows (2a3e27e4f3e238337b9b45c4f1f02a05)] -> id: userProfileMenu]\nSession ID: 2a3e27e4f3e238337b9b45c4f1f02a05","trace":"org.openqa.selenium.ElementClickInterceptedException: element click intercepted: Element <div _ngcontent-ng-c3991971717=\"\" id=\"userProfileMenu\" class=\"user-profile\">...</div> is not clickable at point (1424, 34). Other element would receive the click: <div class=\"onetrust-pc-dark-filter ot-fade-in\" style=\"z-index:2147483645;\"></div>\n  (Session info: chrome=141.0.7390.123)\nBuild info: version: '4.25.0', revision: '8a8aea2337'\nSystem info: os.name: 'Windows 11', os.arch: 'amd64', os.version: '10.0', java.version: '21.0.8'\nDriver info: org.openqa.selenium.chrome.ChromeDriver\nCommand: [2a3e27e4f3e238337b9b45c4f1f02a05, clickElement {id=f.DACA27A01E3017130CD4D9CE73C5CDBE.d.0EB92A0A94409514A21D55A1614FF35C.e.14}]\nCapabilities {acceptInsecureCerts: false, browserName: chrome, browserVersion: 141.0.7390.123, chrome: {chromedriverVersion: 141.0.7390.122 (b477534e7e1..., userDataDir: C:\\Users\\esraa\\AppData\\Loca...}, fedcm:accounts: true, goog:chromeOptions: {debuggerAddress: localhost:50608}, networkConnectionEnabled: false, pageLoadStrategy: normal, platformName: windows, proxy: Proxy(), se:cdp: ws://localhost:50608/devtoo..., se:cdpVersion: 141.0.7390.123, setWindowRect: true, strictFileInteractability: false, timeouts: {implicit: 0, pageLoad: 300000, script: 30000}, unhandledPromptBehavior: dismiss and notify, webauthn:extension:credBlob: true, webauthn:extension:largeBlob: true, webauthn:extension:minPinLength: true, webauthn:extension:prf: true, webauthn:virtualAuthenticators: true}\nElement: [[ChromeDriver: chrome on windows (2a3e27e4f3e238337b9b45c4f1f02a05)] -> id: userProfileMenu]\nSession ID: 2a3e27e4f3e238337b9b45c4f1f02a05\r\n\tat java.base/jdk.internal.reflect.DirectConstructorHandleAccessor.newInstance(DirectConstructorHandleAccessor.java:62)\r\n\tat java.base/java.lang.reflect.Constructor.newInstanceWithCaller(Constructor.java:502)\r\n\tat java.base/java.lang.reflect.Constructor.newInstance(Constructor.java:486)\r\n\tat org.openqa.selenium.remote.ErrorCodec.decode(ErrorCodec.java:167)\r\n\tat org.openqa.selenium.remote.codec.w3c.W3CHttpResponseCodec.decode(W3CHttpResponseCodec.java:138)\r\n\tat org.openqa.selenium.remote.codec.w3c.W3CHttpResponseCodec.decode(W3CHttpResponseCodec.java:50)\r\n\tat org.openqa.selenium.remote.HttpCommandExecutor.execute(HttpCommandExecutor.java:190)\r\n\tat org.openqa.selenium.remote.service.DriverCommandExecutor.invokeExecute(DriverCommandExecutor.java:216)\r\n\tat org.openqa.selenium.remote.service.DriverCommandExecutor.execute(DriverCommandExecutor.java:174)\r\n\tat org.openqa.selenium.remote.RemoteWebDriver.execute(RemoteWebDriver.java:545)\r\n\tat org.openqa.selenium.remote.RemoteWebElement.execute(RemoteWebElement.java:223)\r\n\tat org.openqa.selenium.remote.RemoteWebElement.click(RemoteWebElement.java:76)\r\n\tat StepsDefinitions.ShopSteps.user_logged_to_store(ShopSteps.java:89)\r\n\tat ✽.User logged to the website(file:///D:/VodafoneShopAutomation/src/test/resources/features/AddToCart.feature:4)\r\n"},"stage":"finished","steps":[],"attachments":[],"parameters":[],"start":1762370502514,"stop":1762370578717},{"name":"When user select products to cart","status":"skipped","statusDetails":{"known":false,"muted":false,"flaky":false},"stage":"finished","steps":[],"attachments":[],"parameters":[],"start":1762370578726,"stop":1762370578726},{"name":"And user add product","status":"skipped","statusDetails":{"known":false,"muted":false,"flaky":false},"stage":"finished","steps":[],"attachments":[],"parameters":[],"start":1762370578726,"stop":1762370578726},{"name":"Then open cart to check order","status":"skipped","statusDetails":{"known":false,"muted":false,"flaky":false},"stage":"finished","steps":[],"attachments":[],"parameters":[],"start":1762370578726,"stop":1762370578726}],"attachments":[],"parameters":[],"start":1762370502511,"stop":1762370578868}