{"uuid":"cea75e1a-e65b-4f5b-8521-dd54eb3e6344","historyId":"51f37cdf97a62bf2f0355570c32f0711","testCaseId":"5531e7089773ec26382e6a961a5145d7","fullName":"src/test/resources/features/AddToCart.feature:3","labels":[{"name":"host","value":"DESKTOP-IOJ7FM2"},{"name":"thread","value":"15628@DESKTOP-IOJ7FM2.main(1)"},{"name":"feature","value":"Add items to Vodafone eShop cart"},{"name":"story","value":"Add 3 products to the cart"},{"name":"suite","value":"Add items to Vodafone eShop cart"},{"name":"testClass","value":"Add 3 products to the cart"},{"name":"framework","value":"cucumber4jvm"},{"name":"language","value":"java"},{"name":"gherkin_uri","value":"file:///D:/VodafoneShopAutomation/src/test/resources/features/AddToCart.feature"},{"name":"package","value":"src.test.resources.features.AddToCart_feature.Add items to Vodafone eShop cart"}],"links":[],"name":"Add 3 products to the cart","status":"broken","statusDetails":{"known":false,"muted":false,"flaky":false,"message":"element click intercepted: Element <div _ngcontent-ng-c3991971717=\"\" id=\"userProfileMenu\" class=\"user-profile\">...</div> is not clickable at point (1424, 34). Other element would receive the click: <div class=\"onetrust-pc-dark-filter ot-fade-in\" style=\"z-index:2147483645;\"></div>\n  (Session info: chrome=141.0.7390.123)\nBuild info: version: '4.25.0', revision: '8a8aea2337'\nSystem info: os.name: 'Windows 11', os.arch: 'amd64', os.version: '10.0', java.version: '21.0.8'\nDriver info: org.openqa.selenium.chrome.ChromeDriver\nCommand: [27d1795e7d08e6fdd85f0fbbf349dcce, clickElement {id=f.651E10DEA527B046723F0377EF0E60B6.d.9B8830C7E147D21F88C42C80AB1CFCB9.e.14}]\nCapabilities {acceptInsecureCerts: false, browserName: chrome, browserVersion: 141.0.7390.123, chrome: {chromedriverVersion: 141.0.7390.122 (b477534e7e1..., userDataDir: C:\\Users\\esraa\\AppData\\Loca...}, fedcm:accounts: true, goog:chromeOptions: {debuggerAddress: localhost:54170}, networkConnectionEnabled: false, pageLoadStrategy: normal, platformName: windows, proxy: Proxy(), se:cdp: ws://localhost:54170/devtoo..., se:cdpVersion: 141.0.7390.123, setWindowRect: true, strictFileInteractability: false, timeouts: {implicit: 0, pageLoad: 300000, script: 30000}, unhandledPromptBehavior: dismiss and notify, webauthn:extension:credBlob: true, webauthn:extension:largeBlob: true, webauthn:extension:minPinLength: true, webauthn:extension:prf: true, webauthn:virtualAuthenticators: true}\nElement: [[ChromeDriver: chrome on windows (27d1795e7d08e6fdd85f0fbbf349dcce)] -> xpath: //*[@id='userProfileMenu']]\nSession ID: 27d1795e7d08e6fdd85f0fbbf349dcce","trace":"org.openqa.selenium.ElementClickInterceptedException: element click intercepted: Element <div _ngcontent-ng-c3991971717=\"\" id=\"userProfileMenu\" class=\"user-profile\">...</div> is not clickable at point (1424, 34). Other element would receive the click: <div class=\"onetrust-pc-dark-filter ot-fade-in\" style=\"z-index:2147483645;\"></div>\n  (Session info: chrome=141.0.7390.123)\nBuild info: version: '4.25.0', revision: '8a8aea2337'\nSystem info: os.name: 'Windows 11', os.arch: 'amd64', os.version: '10.0', java.version: '21.0.8'\nDriver info: org.openqa.selenium.chrome.ChromeDriver\nCommand: [27d1795e7d08e6fdd85f0fbbf349dcce, clickElement {id=f.651E10DEA527B046723F0377EF0E60B6.d.9B8830C7E147D21F88C42C80AB1CFCB9.e.14}]\nCapabilities {acceptInsecureCerts: false, browserName: chrome, browserVersion: 141.0.7390.123, chrome: {chromedriverVersion: 141.0.7390.122 (b477534e7e1..., userDataDir: C:\\Users\\esraa\\AppData\\Loca...}, fedcm:accounts: true, goog:chromeOptions: {debuggerAddress: localhost:54170}, networkConnectionEnabled: false, pageLoadStrategy: normal, platformName: windows, proxy: Proxy(), se:cdp: ws://localhost:54170/devtoo..., se:cdpVersion: 141.0.7390.123, setWindowRect: true, strictFileInteractability: false, timeouts: {implicit: 0, pageLoad: 300000, script: 30000}, unhandledPromptBehavior: dismiss and notify, webauthn:extension:credBlob: true, webauthn:extension:largeBlob: true, webauthn:extension:minPinLength: true, webauthn:extension:prf: true, webauthn:virtualAuthenticators: true}\nElement: [[ChromeDriver: chrome on windows (27d1795e7d08e6fdd85f0fbbf349dcce)] -> xpath: //*[@id='userProfileMenu']]\nSession ID: 27d1795e7d08e6fdd85f0fbbf349dcce\r\n\tat java.base/jdk.internal.reflect.DirectConstructorHandleAccessor.newInstance(DirectConstructorHandleAccessor.java:62)\r\n\tat java.base/java.lang.reflect.Constructor.newInstanceWithCaller(Constructor.java:502)\r\n\tat java.base/java.lang.reflect.Constructor.newInstance(Constructor.java:486)\r\n\tat org.openqa.selenium.remote.ErrorCodec.decode(ErrorCodec.java:167)\r\n\tat org.openqa.selenium.remote.codec.w3c.W3CHttpResponseCodec.decode(W3CHttpResponseCodec.java:138)\r\n\tat org.openqa.selenium.remote.codec.w3c.W3CHttpResponseCodec.decode(W3CHttpResponseCodec.java:50)\r\n\tat org.openqa.selenium.remote.HttpCommandExecutor.execute(HttpCommandExecutor.java:190)\r\n\tat org.openqa.selenium.remote.service.DriverCommandExecutor.invokeExecute(DriverCommandExecutor.java:216)\r\n\tat org.openqa.selenium.remote.service.DriverCommandExecutor.execute(DriverCommandExecutor.java:174)\r\n\tat org.openqa.selenium.remote.RemoteWebDriver.execute(RemoteWebDriver.java:545)\r\n\tat org.openqa.selenium.remote.RemoteWebElement.execute(RemoteWebElement.java:223)\r\n\tat org.openqa.selenium.remote.RemoteWebElement.click(RemoteWebElement.java:76)\r\n\tat StepsDefinitions.ShopSteps.user_logged_to_store(ShopSteps.java:76)\r\n\tat ✽.User logged to the website(file:///D:/VodafoneShopAutomation/src/test/resources/features/AddToCart.feature:4)\r\n"},"stage":"finished","steps":[{"name":"Given User logged to the website","status":"broken","statusDetails":{"known":false,"muted":false,"flaky":false,"message":"element click intercepted: Element <div _ngcontent-ng-c3991971717=\"\" id=\"userProfileMenu\" class=\"user-profile\">...</div> is not clickable at point (1424, 34). Other element would receive the click: <div class=\"onetrust-pc-dark-filter ot-fade-in\" style=\"z-index:2147483645;\"></div>\n  (Session info: chrome=141.0.7390.123)\nBuild info: version: '4.25.0', revision: '8a8aea2337'\nSystem info: os.name: 'Windows 11', os.arch: 'amd64', os.version: '10.0', java.version: '21.0.8'\nDriver info: org.openqa.selenium.chrome.ChromeDriver\nCommand: [27d1795e7d08e6fdd85f0fbbf349dcce, clickElement {id=f.651E10DEA527B046723F0377EF0E60B6.d.9B8830C7E147D21F88C42C80AB1CFCB9.e.14}]\nCapabilities {acceptInsecureCerts: false, browserName: chrome, browserVersion: 141.0.7390.123, chrome: {chromedriverVersion: 141.0.7390.122 (b477534e7e1..., userDataDir: C:\\Users\\esraa\\AppData\\Loca...}, fedcm:accounts: true, goog:chromeOptions: {debuggerAddress: localhost:54170}, networkConnectionEnabled: false, pageLoadStrategy: normal, platformName: windows, proxy: Proxy(), se:cdp: ws://localhost:54170/devtoo..., se:cdpVersion: 141.0.7390.123, setWindowRect: true, strictFileInteractability: false, timeouts: {implicit: 0, pageLoad: 300000, script: 30000}, unhandledPromptBehavior: dismiss and notify, webauthn:extension:credBlob: true, webauthn:extension:largeBlob: true, webauthn:extension:minPinLength: true, webauthn:extension:prf: true, webauthn:virtualAuthenticators: true}\nElement: [[ChromeDriver: chrome on windows (27d1795e7d08e6fdd85f0fbbf349dcce)] -> xpath: //*[@id='userProfileMenu']]\nSession ID: 27d1795e7d08e6fdd85f0fbbf349dcce","trace":"org.openqa.selenium.ElementClickInterceptedException: element click intercepted: Element <div _ngcontent-ng-c3991971717=\"\" id=\"userProfileMenu\" class=\"user-profile\">...</div> is not clickable at point (1424, 34). Other element would receive the click: <div class=\"onetrust-pc-dark-filter ot-fade-in\" style=\"z-index:2147483645;\"></div>\n  (Session info: chrome=141.0.7390.123)\nBuild info: version: '4.25.0', revision: '8a8aea2337'\nSystem info: os.name: 'Windows 11', os.arch: 'amd64', os.version: '10.0', java.version: '21.0.8'\nDriver info: org.openqa.selenium.chrome.ChromeDriver\nCommand: [27d1795e7d08e6fdd85f0fbbf349dcce, clickElement {id=f.651E10DEA527B046723F0377EF0E60B6.d.9B8830C7E147D21F88C42C80AB1CFCB9.e.14}]\nCapabilities {acceptInsecureCerts: false, browserName: chrome, browserVersion: 141.0.7390.123, chrome: {chromedriverVersion: 141.0.7390.122 (b477534e7e1..., userDataDir: C:\\Users\\esraa\\AppData\\Loca...}, fedcm:accounts: true, goog:chromeOptions: {debuggerAddress: localhost:54170}, networkConnectionEnabled: false, pageLoadStrategy: normal, platformName: windows, proxy: Proxy(), se:cdp: ws://localhost:54170/devtoo..., se:cdpVersion: 141.0.7390.123, setWindowRect: true, strictFileInteractability: false, timeouts: {implicit: 0, pageLoad: 300000, script: 30000}, unhandledPromptBehavior: dismiss and notify, webauthn:extension:credBlob: true, webauthn:extension:largeBlob: true, webauthn:extension:minPinLength: true, webauthn:extension:prf: true, webauthn:virtualAuthenticators: true}\nElement: [[ChromeDriver: chrome on windows (27d1795e7d08e6fdd85f0fbbf349dcce)] -> xpath: //*[@id='userProfileMenu']]\nSession ID: 27d1795e7d08e6fdd85f0fbbf349dcce\r\n\tat java.base/jdk.internal.reflect.DirectConstructorHandleAccessor.newInstance(DirectConstructorHandleAccessor.java:62)\r\n\tat java.base/java.lang.reflect.Constructor.newInstanceWithCaller(Constructor.java:502)\r\n\tat java.base/java.lang.reflect.Constructor.newInstance(Constructor.java:486)\r\n\tat org.openqa.selenium.remote.ErrorCodec.decode(ErrorCodec.java:167)\r\n\tat org.openqa.selenium.remote.codec.w3c.W3CHttpResponseCodec.decode(W3CHttpResponseCodec.java:138)\r\n\tat org.openqa.selenium.remote.codec.w3c.W3CHttpResponseCodec.decode(W3CHttpResponseCodec.java:50)\r\n\tat org.openqa.selenium.remote.HttpCommandExecutor.execute(HttpCommandExecutor.java:190)\r\n\tat org.openqa.selenium.remote.service.DriverCommandExecutor.invokeExecute(DriverCommandExecutor.java:216)\r\n\tat org.openqa.selenium.remote.service.DriverCommandExecutor.execute(DriverCommandExecutor.java:174)\r\n\tat org.openqa.selenium.remote.RemoteWebDriver.execute(RemoteWebDriver.java:545)\r\n\tat org.openqa.selenium.remote.RemoteWebElement.execute(RemoteWebElement.java:223)\r\n\tat org.openqa.selenium.remote.RemoteWebElement.click(RemoteWebElement.java:76)\r\n\tat StepsDefinitions.ShopSteps.user_logged_to_store(ShopSteps.java:76)\r\n\tat ✽.User logged to the website(file:///D:/VodafoneShopAutomation/src/test/resources/features/AddToCart.feature:4)\r\n"},"stage":"finished","steps":[],"attachments":[],"parameters":[],"start":1762370231223,"stop":1762370335958},{"name":"When user select products to cart","status":"skipped","statusDetails":{"known":false,"muted":false,"flaky":false},"stage":"finished","steps":[],"attachments":[],"parameters":[],"start":1762370335973,"stop":1762370335973},{"name":"And user add product","status":"skipped","statusDetails":{"known":false,"muted":false,"flaky":false},"stage":"finished","steps":[],"attachments":[],"parameters":[],"start":1762370335982,"stop":1762370335984},{"name":"Then open cart to check order","status":"skipped","statusDetails":{"known":false,"muted":false,"flaky":false},"stage":"finished","steps":[],"attachments":[],"parameters":[],"start":1762370335985,"stop":1762370335985}],"attachments":[],"parameters":[],"start":1762370231220,"stop":1762370336226}