<?xml version="1.0" encoding="UTF-8"?>
<testsuite xmlns:xsi="http://www.w3.org/2001/XMLSchema-instance" xsi:noNamespaceSchemaLocation="https://maven.apache.org/surefire/maven-surefire-plugin/xsd/surefire-test-report-3.0.xsd" version="3.0" name="tests.Rest" time="7.017" tests="5" errors="0" skipped="0" failures="0">
  <properties>
[...]
</properties>
  <testcase name="test01_verifyGenderFieldExists" classname="tests.Rest" time="2.658">
    <system-out><![CDATA[HTTP/1.1 200 OK
Server: nginx/1.16.1
Date: Mon, 03 Nov 2025 22:23:20 GMT
Content-Type: application/json; charset=utf-8
Content-Length: 84
Connection: keep-alive
vary: accept-encoding
content-encoding: gzip
cache-control: max-age=0, private, must-revalidate
x-request-id: GHSfYs5uMyxrGIkBnYSB
access-control-allow-credentials: true
access-control-allow-origin: *
access-control-expose-headers: x-rate-limit-limit,x-rate-limit-remaining,x-rate-limit-reset
x-rate-limit-limit: 100
x-rate-limit-remaining: 70
x-rate-limit-reset: 5800

{
    "count": 399289,
    "name": "Alice",
    "gender": "female",
    "probability": 0.99
}
]]></system-out>
    <system-err><![CDATA[SLF4J: Failed to load class "org.slf4j.impl.StaticLoggerBinder".
SLF4J: Defaulting to no-operation (NOP) logger implementation
SLF4J: See http://www.slf4j.org/codes.html#StaticLoggerBinder for further details.
]]></system-err>
  </testcase>
  <testcase name="test02_verifyResponseTime" classname="tests.Rest" time="1.082">
    <system-out><![CDATA[HTTP/1.1 200 OK
Server: nginx/1.16.1
Date: Mon, 03 Nov 2025 22:23:22 GMT
Content-Type: application/json; charset=utf-8
Content-Length: 84
Connection: keep-alive
vary: accept-encoding
content-encoding: gzip
cache-control: max-age=0, private, must-revalidate
x-request-id: GHSfYyJ--MSZEInB04kC
access-control-allow-credentials: true
access-control-allow-origin: *
access-control-expose-headers: x-rate-limit-limit,x-rate-limit-remaining,x-rate-limit-reset
x-rate-limit-limit: 100
x-rate-limit-remaining: 69
x-rate-limit-reset: 5798

{
    "count": 500304,
    "name": "Emma",
    "gender": "female",
    "probability": 0.97
}
]]></system-out>
  </testcase>
  <testcase name="test03_verifyMultipleNames" classname="tests.Rest" time="0.531">
    <system-out><![CDATA[HTTP/1.1 200 OK
Server: nginx/1.16.1
Date: Mon, 03 Nov 2025 22:23:23 GMT
Content-Type: application/json; charset=utf-8
Content-Length: 130
Connection: keep-alive
vary: accept-encoding
content-encoding: gzip
cache-control: max-age=0, private, must-revalidate
x-request-id: GHSfY1GvDR_uQZHooPnD
access-control-allow-credentials: true
access-control-allow-origin: *
access-control-expose-headers: x-rate-limit-limit,x-rate-limit-remaining,x-rate-limit-reset
x-rate-limit-limit: 100
x-rate-limit-remaining: 66
x-rate-limit-reset: 5797

[
    {
        "count": 399289,
        "name": "Alice",
        "gender": "female",
        "probability": 0.99
    },
    {
        "count": 2692560,
        "name": "John",
        "gender": "male",
        "probability": 1.0
    },
    {
        "count": 2530843,
        "name": "Michael",
        "gender": "male",
        "probability": 1.0
    }
]
]]></system-out>
  </testcase>
  <testcase name="test04_verifyMissingParameterError" classname="tests.Rest" time="0.768">
    <system-out><![CDATA[HTTP/1.1 422 Unprocessable Entity
Server: nginx/1.16.1
Date: Mon, 03 Nov 2025 22:23:23 GMT
Content-Type: application/json
Content-Length: 54
Connection: keep-alive
vary: accept-encoding
content-encoding: gzip
cache-control: max-age=0, private, must-revalidate
x-request-id: GHSfY4AYOGv2IQ4Bna-B
access-control-allow-credentials: true
access-control-allow-origin: *
access-control-expose-headers: x-rate-limit-limit,x-rate-limit-remaining,x-rate-limit-reset

{
    "error": "Missing 'name' parameter"
}
]]></system-out>
  </testcase>
  <testcase name="test05_getGenderForValidName" classname="tests.Rest" time="1.45">
    <system-out><![CDATA[HTTP/1.1 200 OK
Server: nginx/1.16.1
Date: Mon, 03 Nov 2025 22:23:24 GMT
Content-Type: application/json; charset=utf-8
Content-Length: 84
Connection: keep-alive
vary: accept-encoding
content-encoding: gzip
cache-control: max-age=0, private, must-revalidate
x-request-id: GHSfY7AKtxFJhaXooRYD
access-control-allow-credentials: true
access-control-allow-origin: *
access-control-expose-headers: x-rate-limit-limit,x-rate-limit-remaining,x-rate-limit-reset
x-rate-limit-limit: 100
x-rate-limit-remaining: 65
x-rate-limit-reset: 5796

{
    "count": 399289,
    "name": "Alice",
    "gender": "female",
    "probability": 0.99
}
]]></system-out>
  </testcase>
</testsuite>