<?xml version="1.0" encoding="UTF-8"?>
<!-- Generated by org.testng.reporters.JUnitXMLReporter -->
<testsuite ignored="0" hostname="DESKTOP-IOJ7FM2" failures="0" tests="5" name="Surefire test" time="6.525" errors="0" timestamp="2025-11-04T00:23:25 EET">
  <testcase classname="tests.Rest" name="test01_verifyGenderFieldExists" time="2.611"/>
  <testcase classname="tests.Rest" name="test02_verifyResponseTime" time="0.838"/>
  <testcase classname="tests.Rest" name="test03_verifyMultipleNames" time="0.769"/>
  <testcase classname="tests.Rest" name="test04_verifyMissingParameterError" time="0.767"/>
  <testcase classname="tests.Rest" name="test05_getGenderForValidName" time="0.833"/>
</testsuite> <!-- Surefire test -->
